2024-06-07 17:18:20 [INFO] Question: how many branch
2024-06-07 17:18:21 [INFO] Running PandasAI with openai LLM...
2024-06-07 17:18:21 [INFO] Prompt ID: 737122dc-6b32-4761-9a60-c10b3e4cc421
2024-06-07 17:18:21 [INFO] Using prompt: You are provided with the following pandas DataFrames:

<dataframe>
Dataframe dfs[0], with 9474 rows and 29 columns.
This is the metadata of the dataframe dfs[0]:
id_trx,date_in,date_out,drug_qty,admin_price,cogs,Durasi_Rawat,hospital_care,infusion_cost,room_type,room_price,food_price,doctor_type,doctor_price,surgery_type,surgery_price,lab_name,lab_price,drug_brand,drug_type,drug_price,branch_name,patient_name,gender,age,payment_name,review_name,revenue,profit
37677,2020-12-15,2020-12-16,1,50000,10444564,2,Rawat Inap,165000,Kelas 1,250000.0,110000.0,Kandungan,300000,Besar,8000000.0,,0.0,Enervon-C,Vitamin,110000,RSMS,"Marsudi Sihombing, M.M.",Laki-laki,47,Asuransi,Tidak Puas,9810000.0,-634564.0
38835,2021-02-18,2021-02-18,5,50000,4161459,1,Rawat Jalan,0,,0.0,0.0,Bedah,300000,,0.0,Hematologi,90000.0,Paramex,Umum,40000,RSMS,"Uli Yuniar, S.E.I",Perempuan,74,Pribadi,Netral,640000.0,-3521459.0
11321,2020-08-09,2020-08-09,4,50000,2140822,1,Rawat Jalan,0,,0.0,0.0,Bedah,300000,,0.0,Urinalisa,80000.0,Paramex,Umum,40000,RSMS,Asmianto Suwarno,Laki-laki,63,Pribadi,Netral,590000.0,-1550822.0
</dataframe>

<conversation>
User: how many branch
</conversation>

This is the initial python function. Do not change the params. Given the context, use the right dataframes.
```python
# TODO import all the dependencies required
import pandas as pd

def analyze_data(dfs: list[pd.DataFrame]) -> dict:
    """
    Analyze the data, using the provided dataframes (`dfs`).
    1. Prepare: Preprocessing and cleaning data if necessary
    2. Process: Manipulating data for analysis (grouping, filtering, aggregating, etc.)
    3. Analyze: Conducting the actual analysis (if the user asks to plot a chart you must save it as an image in temp_chart.png and not show the chart.)
    If the user requests to create a chart, utilize the Python matplotlib library to generate high-quality graphics that will be saved directly to a file.
    At the end, return a dictionary of:
    - type (possible values "string", "number", "dataframe", "plot")
    - value (can be a string, a dataframe or the path of the plot, NOT a dictionary)
    Examples: 
        { "type": "string", "value": f"The highest salary is {highest_salary}." }
        or
        { "type": "number", "value": 125 }
        or
        { "type": "dataframe", "value": pd.DataFrame({...}) }
        or
        { "type": "plot", "value": "temp_chart.png" }
    """
```

Take a deep breath and reason step-by-step. Act as a senior data analyst.
In the answer, you must never write the "technical" names of the tables.
Based on the last message in the conversation:
- return the updated analyze_data function wrapped within ```python ```
2024-06-07 17:18:23 [INFO] HTTP Request: POST https://api.openai.com/v1/chat/completions "HTTP/1.1 401 Unauthorized"
2024-06-07 17:23:24 [INFO] Question: how many branch
2024-06-07 17:23:24 [INFO] Running PandasAI with openai LLM...
2024-06-07 17:23:24 [INFO] Prompt ID: ebee2c9d-888a-4575-88df-b737563a09ab
2024-06-07 17:23:24 [INFO] Using prompt: You are provided with the following pandas DataFrames:

<dataframe>
Dataframe dfs[0], with 9474 rows and 29 columns.
This is the metadata of the dataframe dfs[0]:
id_trx,date_in,date_out,drug_qty,admin_price,cogs,Durasi_Rawat,hospital_care,infusion_cost,room_type,room_price,food_price,doctor_type,doctor_price,surgery_type,surgery_price,lab_name,lab_price,drug_brand,drug_type,drug_price,branch_name,patient_name,gender,age,payment_name,review_name,revenue,profit
11321,2020-08-09,2020-08-09,4,50000,2140822,1,Rawat Jalan,0,,0.0,0.0,Bedah,300000,,0.0,Urinalisa,80000.0,Paramex,Umum,40000,RSMS,Asmianto Suwarno,Laki-laki,63,Pribadi,Netral,590000.0,-1550822.0
37677,2020-12-15,2020-12-16,1,50000,10444564,2,Rawat Inap,165000,Kelas 1,250000.0,110000.0,Kandungan,300000,Besar,8000000.0,,0.0,Enervon-C,Vitamin,110000,RSMS,"Marsudi Sihombing, M.M.",Laki-laki,47,Asuransi,Tidak Puas,9810000.0,-634564.0
38835,2021-02-18,2021-02-18,5,50000,4161459,1,Rawat Jalan,0,,0.0,0.0,Bedah,300000,,0.0,Hematologi,90000.0,Paramex,Umum,40000,RSMS,"Uli Yuniar, S.E.I",Perempuan,74,Pribadi,Netral,640000.0,-3521459.0
</dataframe>

<conversation>
User: how many branch
</conversation>

This is the initial python function. Do not change the params. Given the context, use the right dataframes.
```python
# TODO import all the dependencies required
import pandas as pd

def analyze_data(dfs: list[pd.DataFrame]) -> dict:
    """
    Analyze the data, using the provided dataframes (`dfs`).
    1. Prepare: Preprocessing and cleaning data if necessary
    2. Process: Manipulating data for analysis (grouping, filtering, aggregating, etc.)
    3. Analyze: Conducting the actual analysis (if the user asks to plot a chart you must save it as an image in temp_chart.png and not show the chart.)
    If the user requests to create a chart, utilize the Python matplotlib library to generate high-quality graphics that will be saved directly to a file.
    At the end, return a dictionary of:
    - type (possible values "string", "number", "dataframe", "plot")
    - value (can be a string, a dataframe or the path of the plot, NOT a dictionary)
    Examples: 
        { "type": "string", "value": f"The highest salary is {highest_salary}." }
        or
        { "type": "number", "value": 125 }
        or
        { "type": "dataframe", "value": pd.DataFrame({...}) }
        or
        { "type": "plot", "value": "temp_chart.png" }
    """
```

Take a deep breath and reason step-by-step. Act as a senior data analyst.
In the answer, you must never write the "technical" names of the tables.
Based on the last message in the conversation:
- return the updated analyze_data function wrapped within ```python ```
2024-06-07 17:23:24 [INFO] HTTP Request: POST https://api.openai.com/v1/chat/completions "HTTP/1.1 401 Unauthorized"
2024-06-07 17:23:43 [INFO] Question: how many branch
2024-06-07 17:23:43 [INFO] Running PandasAI with openai LLM...
2024-06-07 17:23:43 [INFO] Prompt ID: 9254e953-bff0-4773-aec7-60c439b2d62e
2024-06-07 17:23:43 [INFO] Using prompt: You are provided with the following pandas DataFrames:

<dataframe>
Dataframe dfs[0], with 9474 rows and 29 columns.
This is the metadata of the dataframe dfs[0]:
id_trx,date_in,date_out,drug_qty,admin_price,cogs,Durasi_Rawat,hospital_care,infusion_cost,room_type,room_price,food_price,doctor_type,doctor_price,surgery_type,surgery_price,lab_name,lab_price,drug_brand,drug_type,drug_price,branch_name,patient_name,gender,age,payment_name,review_name,revenue,profit
11321,2020-08-09,2020-08-09,4,50000,2140822,1,Rawat Jalan,0,,0.0,0.0,Bedah,300000,,0.0,Urinalisa,80000.0,Paramex,Umum,40000,RSMS,Asmianto Suwarno,Laki-laki,63,Pribadi,Netral,590000.0,-1550822.0
38835,2021-02-18,2021-02-18,5,50000,4161459,1,Rawat Jalan,0,,0.0,0.0,Bedah,300000,,0.0,Hematologi,90000.0,Paramex,Umum,40000,RSMS,"Uli Yuniar, S.E.I",Perempuan,74,Pribadi,Netral,640000.0,-3521459.0
37677,2020-12-15,2020-12-16,1,50000,10444564,2,Rawat Inap,165000,Kelas 1,250000.0,110000.0,Kandungan,300000,Besar,8000000.0,,0.0,Enervon-C,Vitamin,110000,RSMS,"Marsudi Sihombing, M.M.",Laki-laki,47,Asuransi,Tidak Puas,9810000.0,-634564.0
</dataframe>

<conversation>
User: how many branch
</conversation>

This is the initial python function. Do not change the params. Given the context, use the right dataframes.
```python
# TODO import all the dependencies required
import pandas as pd

def analyze_data(dfs: list[pd.DataFrame]) -> dict:
    """
    Analyze the data, using the provided dataframes (`dfs`).
    1. Prepare: Preprocessing and cleaning data if necessary
    2. Process: Manipulating data for analysis (grouping, filtering, aggregating, etc.)
    3. Analyze: Conducting the actual analysis (if the user asks to plot a chart you must save it as an image in temp_chart.png and not show the chart.)
    If the user requests to create a chart, utilize the Python matplotlib library to generate high-quality graphics that will be saved directly to a file.
    At the end, return a dictionary of:
    - type (possible values "string", "number", "dataframe", "plot")
    - value (can be a string, a dataframe or the path of the plot, NOT a dictionary)
    Examples: 
        { "type": "string", "value": f"The highest salary is {highest_salary}." }
        or
        { "type": "number", "value": 125 }
        or
        { "type": "dataframe", "value": pd.DataFrame({...}) }
        or
        { "type": "plot", "value": "temp_chart.png" }
    """
```

Take a deep breath and reason step-by-step. Act as a senior data analyst.
In the answer, you must never write the "technical" names of the tables.
Based on the last message in the conversation:
- return the updated analyze_data function wrapped within ```python ```
2024-06-07 17:23:43 [INFO] HTTP Request: POST https://api.openai.com/v1/chat/completions "HTTP/1.1 401 Unauthorized"
2024-06-07 17:24:13 [INFO] Question: count rows
2024-06-07 17:24:13 [INFO] Running PandasAI with openai LLM...
2024-06-07 17:24:13 [INFO] Prompt ID: 724d0089-518f-43d8-9789-17d170eea60a
2024-06-07 17:24:13 [INFO] Using prompt: You are provided with the following pandas DataFrames:

<dataframe>
Dataframe dfs[0], with 9474 rows and 29 columns.
This is the metadata of the dataframe dfs[0]:
id_trx,date_in,date_out,drug_qty,admin_price,cogs,Durasi_Rawat,hospital_care,infusion_cost,room_type,room_price,food_price,doctor_type,doctor_price,surgery_type,surgery_price,lab_name,lab_price,drug_brand,drug_type,drug_price,branch_name,patient_name,gender,age,payment_name,review_name,revenue,profit
38835,2021-02-18,2021-02-18,5,50000,4161459,1,Rawat Jalan,0,,0.0,0.0,Bedah,300000,,0.0,Hematologi,90000.0,Paramex,Umum,40000,RSMS,"Uli Yuniar, S.E.I",Perempuan,74,Pribadi,Netral,640000.0,-3521459.0
11321,2020-08-09,2020-08-09,4,50000,2140822,1,Rawat Jalan,0,,0.0,0.0,Bedah,300000,,0.0,Urinalisa,80000.0,Paramex,Umum,40000,RSMS,Asmianto Suwarno,Laki-laki,63,Pribadi,Netral,590000.0,-1550822.0
37677,2020-12-15,2020-12-16,1,50000,10444564,2,Rawat Inap,165000,Kelas 1,250000.0,110000.0,Kandungan,300000,Besar,8000000.0,,0.0,Enervon-C,Vitamin,110000,RSMS,"Marsudi Sihombing, M.M.",Laki-laki,47,Asuransi,Tidak Puas,9810000.0,-634564.0
</dataframe>

<conversation>
User: count rows
</conversation>

This is the initial python function. Do not change the params. Given the context, use the right dataframes.
```python
# TODO import all the dependencies required
import pandas as pd

def analyze_data(dfs: list[pd.DataFrame]) -> dict:
    """
    Analyze the data, using the provided dataframes (`dfs`).
    1. Prepare: Preprocessing and cleaning data if necessary
    2. Process: Manipulating data for analysis (grouping, filtering, aggregating, etc.)
    3. Analyze: Conducting the actual analysis (if the user asks to plot a chart you must save it as an image in temp_chart.png and not show the chart.)
    If the user requests to create a chart, utilize the Python matplotlib library to generate high-quality graphics that will be saved directly to a file.
    At the end, return a dictionary of:
    - type (possible values "string", "number", "dataframe", "plot")
    - value (can be a string, a dataframe or the path of the plot, NOT a dictionary)
    Examples: 
        { "type": "string", "value": f"The highest salary is {highest_salary}." }
        or
        { "type": "number", "value": 125 }
        or
        { "type": "dataframe", "value": pd.DataFrame({...}) }
        or
        { "type": "plot", "value": "temp_chart.png" }
    """
```

Take a deep breath and reason step-by-step. Act as a senior data analyst.
In the answer, you must never write the "technical" names of the tables.
Based on the last message in the conversation:
- return the updated analyze_data function wrapped within ```python ```
2024-06-07 17:24:14 [INFO] HTTP Request: POST https://api.openai.com/v1/chat/completions "HTTP/1.1 401 Unauthorized"
2024-06-07 17:24:24 [INFO] Question: count rows
2024-06-07 17:24:24 [INFO] Running PandasAI with openai LLM...
2024-06-07 17:24:24 [INFO] Prompt ID: 4b860bc2-089b-4017-ba72-0984bd72daa2
2024-06-07 17:24:24 [INFO] Using prompt: You are provided with the following pandas DataFrames:

<dataframe>
Dataframe dfs[0], with 9474 rows and 29 columns.
This is the metadata of the dataframe dfs[0]:
id_trx,date_in,date_out,drug_qty,admin_price,cogs,Durasi_Rawat,hospital_care,infusion_cost,room_type,room_price,food_price,doctor_type,doctor_price,surgery_type,surgery_price,lab_name,lab_price,drug_brand,drug_type,drug_price,branch_name,patient_name,gender,age,payment_name,review_name,revenue,profit
38835,2021-02-18,2021-02-18,5,50000,4161459,1,Rawat Jalan,0,,0.0,0.0,Bedah,300000,,0.0,Hematologi,90000.0,Paramex,Umum,40000,RSMS,"Uli Yuniar, S.E.I",Perempuan,74,Pribadi,Netral,640000.0,-3521459.0
37677,2020-12-15,2020-12-16,1,50000,10444564,2,Rawat Inap,165000,Kelas 1,250000.0,110000.0,Kandungan,300000,Besar,8000000.0,,0.0,Enervon-C,Vitamin,110000,RSMS,"Marsudi Sihombing, M.M.",Laki-laki,47,Asuransi,Tidak Puas,9810000.0,-634564.0
11321,2020-08-09,2020-08-09,4,50000,2140822,1,Rawat Jalan,0,,0.0,0.0,Bedah,300000,,0.0,Urinalisa,80000.0,Paramex,Umum,40000,RSMS,Asmianto Suwarno,Laki-laki,63,Pribadi,Netral,590000.0,-1550822.0
</dataframe>

<conversation>
User: count rows
</conversation>

This is the initial python function. Do not change the params. Given the context, use the right dataframes.
```python
# TODO import all the dependencies required
import pandas as pd

def analyze_data(dfs: list[pd.DataFrame]) -> dict:
    """
    Analyze the data, using the provided dataframes (`dfs`).
    1. Prepare: Preprocessing and cleaning data if necessary
    2. Process: Manipulating data for analysis (grouping, filtering, aggregating, etc.)
    3. Analyze: Conducting the actual analysis (if the user asks to plot a chart you must save it as an image in temp_chart.png and not show the chart.)
    If the user requests to create a chart, utilize the Python matplotlib library to generate high-quality graphics that will be saved directly to a file.
    At the end, return a dictionary of:
    - type (possible values "string", "number", "dataframe", "plot")
    - value (can be a string, a dataframe or the path of the plot, NOT a dictionary)
    Examples: 
        { "type": "string", "value": f"The highest salary is {highest_salary}." }
        or
        { "type": "number", "value": 125 }
        or
        { "type": "dataframe", "value": pd.DataFrame({...}) }
        or
        { "type": "plot", "value": "temp_chart.png" }
    """
```

Take a deep breath and reason step-by-step. Act as a senior data analyst.
In the answer, you must never write the "technical" names of the tables.
Based on the last message in the conversation:
- return the updated analyze_data function wrapped within ```python ```
2024-06-07 17:24:24 [INFO] HTTP Request: POST https://api.openai.com/v1/chat/completions "HTTP/1.1 401 Unauthorized"
2024-06-07 17:27:00 [INFO] Question: count rows
2024-06-07 17:27:00 [INFO] Running PandasAI with openai LLM...
2024-06-07 17:27:00 [INFO] Prompt ID: 53b82451-0dea-4e97-b923-b72df564d806
2024-06-07 17:27:00 [INFO] Using prompt: You are provided with the following pandas DataFrames:

<dataframe>
Dataframe dfs[0], with 9474 rows and 29 columns.
This is the metadata of the dataframe dfs[0]:
id_trx,date_in,date_out,drug_qty,admin_price,cogs,Durasi_Rawat,hospital_care,infusion_cost,room_type,room_price,food_price,doctor_type,doctor_price,surgery_type,surgery_price,lab_name,lab_price,drug_brand,drug_type,drug_price,branch_name,patient_name,gender,age,payment_name,review_name,revenue,profit
38835,2021-02-18,2021-02-18,5,50000,4161459,1,Rawat Jalan,0,,0.0,0.0,Bedah,300000,,0.0,Hematologi,90000.0,Paramex,Umum,40000,RSMS,"Uli Yuniar, S.E.I",Perempuan,74,Pribadi,Netral,640000.0,-3521459.0
37677,2020-12-15,2020-12-16,1,50000,10444564,2,Rawat Inap,165000,Kelas 1,250000.0,110000.0,Kandungan,300000,Besar,8000000.0,,0.0,Enervon-C,Vitamin,110000,RSMS,"Marsudi Sihombing, M.M.",Laki-laki,47,Asuransi,Tidak Puas,9810000.0,-634564.0
11321,2020-08-09,2020-08-09,4,50000,2140822,1,Rawat Jalan,0,,0.0,0.0,Bedah,300000,,0.0,Urinalisa,80000.0,Paramex,Umum,40000,RSMS,Asmianto Suwarno,Laki-laki,63,Pribadi,Netral,590000.0,-1550822.0
</dataframe>

<conversation>
User: count rows
</conversation>

This is the initial python function. Do not change the params. Given the context, use the right dataframes.
```python
# TODO import all the dependencies required
import pandas as pd

def analyze_data(dfs: list[pd.DataFrame]) -> dict:
    """
    Analyze the data, using the provided dataframes (`dfs`).
    1. Prepare: Preprocessing and cleaning data if necessary
    2. Process: Manipulating data for analysis (grouping, filtering, aggregating, etc.)
    3. Analyze: Conducting the actual analysis (if the user asks to plot a chart you must save it as an image in temp_chart.png and not show the chart.)
    If the user requests to create a chart, utilize the Python matplotlib library to generate high-quality graphics that will be saved directly to a file.
    At the end, return a dictionary of:
    - type (possible values "string", "number", "dataframe", "plot")
    - value (can be a string, a dataframe or the path of the plot, NOT a dictionary)
    Examples: 
        { "type": "string", "value": f"The highest salary is {highest_salary}." }
        or
        { "type": "number", "value": 125 }
        or
        { "type": "dataframe", "value": pd.DataFrame({...}) }
        or
        { "type": "plot", "value": "temp_chart.png" }
    """
```

Take a deep breath and reason step-by-step. Act as a senior data analyst.
In the answer, you must never write the "technical" names of the tables.
Based on the last message in the conversation:
- return the updated analyze_data function wrapped within ```python ```
2024-06-07 17:27:00 [INFO] HTTP Request: POST https://api.openai.com/v1/chat/completions "HTTP/1.1 401 Unauthorized"
2024-06-07 17:27:43 [INFO] Question: count rows
2024-06-07 17:27:43 [INFO] Running PandasAI with openai LLM...
2024-06-07 17:27:43 [INFO] Prompt ID: aa6d2690-c395-441d-bc32-18240912eafc
2024-06-07 17:27:43 [INFO] Using prompt: You are provided with the following pandas DataFrames:

<dataframe>
Dataframe dfs[0], with 9474 rows and 29 columns.
This is the metadata of the dataframe dfs[0]:
id_trx,date_in,date_out,drug_qty,admin_price,cogs,Durasi_Rawat,hospital_care,infusion_cost,room_type,room_price,food_price,doctor_type,doctor_price,surgery_type,surgery_price,lab_name,lab_price,drug_brand,drug_type,drug_price,branch_name,patient_name,gender,age,payment_name,review_name,revenue,profit
11321,2020-08-09,2020-08-09,4,50000,2140822,1,Rawat Jalan,0,,0.0,0.0,Bedah,300000,,0.0,Urinalisa,80000.0,Paramex,Umum,40000,RSMS,Asmianto Suwarno,Laki-laki,63,Pribadi,Netral,590000.0,-1550822.0
37677,2020-12-15,2020-12-16,1,50000,10444564,2,Rawat Inap,165000,Kelas 1,250000.0,110000.0,Kandungan,300000,Besar,8000000.0,,0.0,Enervon-C,Vitamin,110000,RSMS,"Marsudi Sihombing, M.M.",Laki-laki,47,Asuransi,Tidak Puas,9810000.0,-634564.0
38835,2021-02-18,2021-02-18,5,50000,4161459,1,Rawat Jalan,0,,0.0,0.0,Bedah,300000,,0.0,Hematologi,90000.0,Paramex,Umum,40000,RSMS,"Uli Yuniar, S.E.I",Perempuan,74,Pribadi,Netral,640000.0,-3521459.0
</dataframe>

<conversation>
User: count rows
</conversation>

This is the initial python function. Do not change the params. Given the context, use the right dataframes.
```python
# TODO import all the dependencies required
import pandas as pd

def analyze_data(dfs: list[pd.DataFrame]) -> dict:
    """
    Analyze the data, using the provided dataframes (`dfs`).
    1. Prepare: Preprocessing and cleaning data if necessary
    2. Process: Manipulating data for analysis (grouping, filtering, aggregating, etc.)
    3. Analyze: Conducting the actual analysis (if the user asks to plot a chart you must save it as an image in temp_chart.png and not show the chart.)
    If the user requests to create a chart, utilize the Python matplotlib library to generate high-quality graphics that will be saved directly to a file.
    At the end, return a dictionary of:
    - type (possible values "string", "number", "dataframe", "plot")
    - value (can be a string, a dataframe or the path of the plot, NOT a dictionary)
    Examples: 
        { "type": "string", "value": f"The highest salary is {highest_salary}." }
        or
        { "type": "number", "value": 125 }
        or
        { "type": "dataframe", "value": pd.DataFrame({...}) }
        or
        { "type": "plot", "value": "temp_chart.png" }
    """
```

Take a deep breath and reason step-by-step. Act as a senior data analyst.
In the answer, you must never write the "technical" names of the tables.
Based on the last message in the conversation:
- return the updated analyze_data function wrapped within ```python ```
2024-06-07 17:27:44 [INFO] HTTP Request: POST https://api.openai.com/v1/chat/completions "HTTP/1.1 401 Unauthorized"
2024-06-07 17:53:07 [INFO] Question: count rows
2024-06-07 17:53:07 [INFO] Running PandasAI with openai LLM...
2024-06-07 17:53:07 [INFO] Prompt ID: c029d19d-a1b4-4f66-9237-db3ab418361d
2024-06-07 17:53:07 [INFO] Using prompt: You are provided with the following pandas DataFrames:

<dataframe>
Dataframe dfs[0], with 9474 rows and 29 columns.
This is the metadata of the dataframe dfs[0]:
id_trx,date_in,date_out,drug_qty,admin_price,cogs,Durasi_Rawat,hospital_care,infusion_cost,room_type,room_price,food_price,doctor_type,doctor_price,surgery_type,surgery_price,lab_name,lab_price,drug_brand,drug_type,drug_price,branch_name,patient_name,gender,age,payment_name,review_name,revenue,profit
37677,2020-12-15,2020-12-16,1,50000,10444564,2,Rawat Inap,165000,Kelas 1,250000.0,110000.0,Kandungan,300000,Besar,8000000.0,,0.0,Enervon-C,Vitamin,110000,RSMS,"Marsudi Sihombing, M.M.",Laki-laki,47,Asuransi,Tidak Puas,9810000.0,-634564.0
38835,2021-02-18,2021-02-18,5,50000,4161459,1,Rawat Jalan,0,,0.0,0.0,Bedah,300000,,0.0,Hematologi,90000.0,Paramex,Umum,40000,RSMS,"Uli Yuniar, S.E.I",Perempuan,74,Pribadi,Netral,640000.0,-3521459.0
11321,2020-08-09,2020-08-09,4,50000,2140822,1,Rawat Jalan,0,,0.0,0.0,Bedah,300000,,0.0,Urinalisa,80000.0,Paramex,Umum,40000,RSMS,Asmianto Suwarno,Laki-laki,63,Pribadi,Netral,590000.0,-1550822.0
</dataframe>

<conversation>
User: count rows
</conversation>

This is the initial python function. Do not change the params. Given the context, use the right dataframes.
```python
# TODO import all the dependencies required
import pandas as pd

def analyze_data(dfs: list[pd.DataFrame]) -> dict:
    """
    Analyze the data, using the provided dataframes (`dfs`).
    1. Prepare: Preprocessing and cleaning data if necessary
    2. Process: Manipulating data for analysis (grouping, filtering, aggregating, etc.)
    3. Analyze: Conducting the actual analysis (if the user asks to plot a chart you must save it as an image in temp_chart.png and not show the chart.)
    If the user requests to create a chart, utilize the Python matplotlib library to generate high-quality graphics that will be saved directly to a file.
    At the end, return a dictionary of:
    - type (possible values "string", "number", "dataframe", "plot")
    - value (can be a string, a dataframe or the path of the plot, NOT a dictionary)
    Examples: 
        { "type": "string", "value": f"The highest salary is {highest_salary}." }
        or
        { "type": "number", "value": 125 }
        or
        { "type": "dataframe", "value": pd.DataFrame({...}) }
        or
        { "type": "plot", "value": "temp_chart.png" }
    """
```

Take a deep breath and reason step-by-step. Act as a senior data analyst.
In the answer, you must never write the "technical" names of the tables.
Based on the last message in the conversation:
- return the updated analyze_data function wrapped within ```python ```
2024-06-07 17:53:08 [INFO] HTTP Request: POST https://api.openai.com/v1/chat/completions "HTTP/1.1 401 Unauthorized"
2024-06-07 18:43:37 [ERROR] Task exception was never retrieved
future: <Task finished name='Task-40868' coro=<WebSocketProtocol13.write_message.<locals>.wrapper() done, defined at C:\Users\Berliana Fitria Dewi\AppData\Local\Packages\PythonSoftwareFoundation.Python.3.11_qbz5n2kfra8p0\LocalCache\local-packages\Python311\site-packages\tornado\websocket.py:1086> exception=WebSocketClosedError()>
Traceback (most recent call last):
  File "C:\Users\Berliana Fitria Dewi\AppData\Local\Packages\PythonSoftwareFoundation.Python.3.11_qbz5n2kfra8p0\LocalCache\local-packages\Python311\site-packages\tornado\websocket.py", line 1088, in wrapper
    await fut
tornado.iostream.StreamClosedError: Stream is closed

During handling of the above exception, another exception occurred:

Traceback (most recent call last):
  File "C:\Users\Berliana Fitria Dewi\AppData\Local\Packages\PythonSoftwareFoundation.Python.3.11_qbz5n2kfra8p0\LocalCache\local-packages\Python311\site-packages\tornado\websocket.py", line 1090, in wrapper
    raise WebSocketClosedError()
tornado.websocket.WebSocketClosedError
